<?xml version="1.0" encoding="UTF-8"?>
<testsuites>
  <testsuite name="CLI Arguments" tests="2" assertions="4" errors="0" failures="0" skipped="0" time="2.195704">
    <testsuite name="Tests\Feature\LaravelNyumon\Station10\DiaryControllerTest" file="/var/www/tests/Feature/LaravelNyumon/Station10/DiaryControllerTest.php" tests="2" assertions="4" errors="0" failures="0" skipped="0" time="2.195704">
      <testcase name="test_日記作成フォームが表示される" file="/var/www/tests/Feature/LaravelNyumon/Station10/DiaryControllerTest.php" line="18" class="Tests\Feature\LaravelNyumon\Station10\DiaryControllerTest" classname="Tests.Feature.LaravelNyumon.Station10.DiaryControllerTest" assertions="2" time="2.069435"/>
      <testcase name="test_新しい日記を保存できる" file="/var/www/tests/Feature/LaravelNyumon/Station10/DiaryControllerTest.php" line="28" class="Tests\Feature\LaravelNyumon\Station10\DiaryControllerTest" classname="Tests.Feature.LaravelNyumon.Station10.DiaryControllerTest" assertions="2" time="0.126268"/>
    </testsuite>
  </testsuite>
</testsuites>
