<?xml version="1.0" encoding="UTF-8"?>
<testsuites>
  <testsuite name="CLI Arguments" tests="1" assertions="4" errors="0" failures="0" skipped="0" time="1.556643">
    <testsuite name="Tests\Feature\LaravelNyumon\Station9\DiaryControllerTest" file="/var/www/tests/Feature/LaravelNyumon/Station9/DiaryControllerTest.php" tests="1" assertions="4" errors="0" failures="0" skipped="0" time="1.556643">
      <testcase name="test_日記一覧を表示できる" file="/var/www/tests/Feature/LaravelNyumon/Station9/DiaryControllerTest.php" line="17" class="Tests\Feature\LaravelNyumon\Station9\DiaryControllerTest" classname="Tests.Feature.LaravelNyumon.Station9.DiaryControllerTest" assertions="4" time="1.556643"/>
    </testsuite>
  </testsuite>
</testsuites>
